<?xml version="1.0" encoding="UTF-8"?>
<testng-results skipped="0" failed="0" ignored="0" total="2" passed="2">
  <reporter-output>
  </reporter-output>
  <suite name="Suite" duration-ms="21526" started-at="2023-04-23T07:17:01Z" finished-at="2023-04-23T07:17:22Z">
    <groups>
    </groups>
    <test name="Test" duration-ms="21526" started-at="2023-04-23T07:17:01Z" finished-at="2023-04-23T07:17:22Z">
      <class name="testcases.LoginTest">
        <test-method status="PASS" signature="ReportSetup()[pri:0, instance:testcases.LoginTest@6a472554]" name="ReportSetup" is-config="true" duration-ms="962" started-at="2023-04-23T07:17:01Z" finished-at="2023-04-23T07:17:02Z">
          <reporter-output>
          </reporter-output>
        </test-method> <!-- ReportSetup -->
        <test-method status="PASS" signature="SetUp(java.lang.reflect.Method)[pri:0, instance:testcases.LoginTest@6a472554]" name="SetUp" is-config="true" duration-ms="8242" started-at="2023-04-23T07:17:02Z" finished-at="2023-04-23T07:17:10Z">
          <params>
            <param index="0">
              <value>
                <![CDATA[public void testcases.LoginTest.InvalidLogin(java.lang.reflect.Method) throws com.codoid.products.exception.FilloException]]>
              </value>
            </param>
          </params>
          <reporter-output>
          </reporter-output>
        </test-method> <!-- SetUp -->
        <test-method status="PASS" signature="InvalidLogin(java.lang.reflect.Method)[pri:0, instance:testcases.LoginTest@6a472554]" name="InvalidLogin" duration-ms="1452" started-at="2023-04-23T07:17:10Z" finished-at="2023-04-23T07:17:11Z">
          <params>
            <param index="0">
              <value>
                <![CDATA[public void testcases.LoginTest.InvalidLogin(java.lang.reflect.Method) throws com.codoid.products.exception.FilloException]]>
              </value>
            </param>
          </params>
          <reporter-output>
          </reporter-output>
        </test-method> <!-- InvalidLogin -->
        <test-method status="PASS" signature="TearDown()[pri:0, instance:testcases.LoginTest@6a472554]" name="TearDown" is-config="true" duration-ms="91" started-at="2023-04-23T07:17:11Z" finished-at="2023-04-23T07:17:11Z">
          <reporter-output>
          </reporter-output>
        </test-method> <!-- TearDown -->
        <test-method status="PASS" signature="SetUp(java.lang.reflect.Method)[pri:0, instance:testcases.LoginTest@6a472554]" name="SetUp" is-config="true" duration-ms="6545" started-at="2023-04-23T07:17:11Z" finished-at="2023-04-23T07:17:18Z">
          <params>
            <param index="0">
              <value>
                <![CDATA[public void testcases.LoginTest.ValidLogin(java.lang.reflect.Method) throws com.codoid.products.exception.FilloException]]>
              </value>
            </param>
          </params>
          <reporter-output>
          </reporter-output>
        </test-method> <!-- SetUp -->
        <test-method status="PASS" signature="ValidLogin(java.lang.reflect.Method)[pri:0, instance:testcases.LoginTest@6a472554]" name="ValidLogin" duration-ms="3606" started-at="2023-04-23T07:17:18Z" finished-at="2023-04-23T07:17:22Z">
          <params>
            <param index="0">
              <value>
                <![CDATA[public void testcases.LoginTest.ValidLogin(java.lang.reflect.Method) throws com.codoid.products.exception.FilloException]]>
              </value>
            </param>
          </params>
          <reporter-output>
          </reporter-output>
        </test-method> <!-- ValidLogin -->
        <test-method status="PASS" signature="TearDown()[pri:0, instance:testcases.LoginTest@6a472554]" name="TearDown" is-config="true" duration-ms="93" started-at="2023-04-23T07:17:22Z" finished-at="2023-04-23T07:17:22Z">
          <reporter-output>
          </reporter-output>
        </test-method> <!-- TearDown -->
        <test-method status="PASS" signature="ReportClean()[pri:0, instance:testcases.LoginTest@6a472554]" name="ReportClean" is-config="true" duration-ms="491" started-at="2023-04-23T07:17:22Z" finished-at="2023-04-23T07:17:22Z">
          <reporter-output>
          </reporter-output>
        </test-method> <!-- ReportClean -->
      </class> <!-- testcases.LoginTest -->
    </test> <!-- Test -->
  </suite> <!-- Suite -->
</testng-results>
